<?xml version="1.0" encoding="UTF-8"?>
<testsuite xmlns:xsi="http://www.w3.org/2001/XMLSchema-instance" xsi:noNamespaceSchemaLocation="https://maven.apache.org/surefire/maven-surefire-plugin/xsd/surefire-test-report-3.0.xsd" version="3.0" name="com.opus.erp.purchase.service.impl.PoOrderServiceImplTest$ListOrdersTests" time="0.017" tests="2" errors="0" skipped="0" failures="0">
  <properties>
[...]
</properties>
  <testcase name="listOrders_withOrderNoFilter_success" classname="com.opus.erp.purchase.service.impl.PoOrderServiceImplTest$ListOrdersTests" time="0.013"/>
  <testcase name="listOrders_noFilter_success" classname="com.opus.erp.purchase.service.impl.PoOrderServiceImplTest$ListOrdersTests" time="0.002"/>
</testsuite>